<?xml version="1.0" encoding="UTF-8"?>
<!-- Generated by org.testng.reporters.JUnitReportReporter -->
<testsuite hostname="LAPTOP-6HC65ICG" failures="0" tests="3" name="ExcelUtilsp.ExcelDataProvider" time="33.388" errors="0" timestamp="2021-01-20T20:04:01 IST" skipped="0">
  <testcase classname="ExcelUtilsp.ExcelDataProvider" name="test1" time="4.852"/>
  <system-out/>
  <testcase classname="ExcelUtilsp.ExcelDataProvider" name="test1" time="24.348"/>
  <system-out/>
  <testcase classname="ExcelUtilsp.ExcelDataProvider" name="test1" time="4.188"/>
  <system-out/>
</testsuite> <!-- ExcelUtilsp.ExcelDataProvider -->
